0 verbose cli /nix/store/1qkhzhgx9w8rawvy8lvbaxqh4xb0srad-nodejs-22.10.0/bin/node /nix/store/1qkhzhgx9w8rawvy8lvbaxqh4xb0srad-nodejs-22.10.0/bin/npm
1 info using npm@10.9.0
2 info using node@v22.10.0
3 silly config load:file:/nix/store/1qkhzhgx9w8rawvy8lvbaxqh4xb0srad-nodejs-22.10.0/lib/node_modules/npm/npmrc
4 silly config load:file:/home/botmain/.local/share/nvim/mason/staging/prettier/.npmrc
5 silly config load:file:/home/botmain/.npmrc
6 silly config load:file:/nix/store/1qkhzhgx9w8rawvy8lvbaxqh4xb0srad-nodejs-22.10.0/etc/npmrc
7 verbose title npm init
8 verbose argv "init" "--yes" "--scope" "mason"
9 verbose logfile logs-max:10 dir:/home/botmain/Desktop/projects/2026/LyricsOnTheMove/.npm-cache/_logs/2026-07-01T22_56_58_801Z-
10 verbose logfile /home/botmain/Desktop/projects/2026/LyricsOnTheMove/.npm-cache/_logs/2026-07-01T22_56_58_801Z-debug-0.log
11 silly logfile done cleaning log files
12 silly package data {
12 silly package data   name: '@mason/prettier',
12 silly package data   version: '1.0.0',
12 silly package data   main: 'index.js',
12 silly package data   scripts: { test: 'echo "Error: no test specified" && exit 1' },
12 silly package data   keywords: [],
12 silly package data   author: '',
12 silly package data   license: 'ISC',
12 silly package data   description: ''
12 silly package data }
13 verbose cwd /home/botmain/.local/share/nvim/mason/staging/prettier
14 verbose os Linux 6.18.32
15 verbose node v22.10.0
16 verbose npm  v10.9.0
17 verbose exit 0
18 info ok
